<?xml version="1.0" encoding="UTF-8"?>
<!-- Generated by org.testng.reporters.JUnitReportReporter -->
<testsuite hostname="LAPTOP-S0ACTBHP" failures="0" tests="2" name="com.testng.org.parallel2" time="38.525" errors="0" timestamp="2021-11-20T18:22:59 IST" skipped="0">
  <testcase classname="com.testng.org.parallel2" name="amazon" time="19.319"/>
  <system-out/>
  <testcase classname="com.testng.org.parallel2" name="flipkart" time="19.206"/>
  <system-out/>
</testsuite> <!-- com.testng.org.parallel2 -->
