<?xml version="1.0" encoding="UTF-8"?>
<!-- Generated by org.testng.reporters.JUnitReportReporter -->
<testsuite hostname="LAPTOP-S0ACTBHP" failures="0" tests="2" name="com.testng.org.Amazon_TestNG" time="22.233" errors="0" timestamp="2021-11-20T16:47:31 IST" skipped="0">
  <testcase classname="com.testng.org.Amazon_TestNG" name="mobileSearch" time="9.017"/>
  <system-out/>
  <testcase classname="com.testng.org.Amazon_TestNG" name="earPhone" time="13.216"/>
  <system-out/>
</testsuite> <!-- com.testng.org.Amazon_TestNG -->
