<?xml version="1.0" encoding="UTF-8"?>
<!-- Generated by org.testng.reporters.JUnitReportReporter -->
<testsuite hostname="LAPTOP-S0ACTBHP" failures="0" tests="27" name="com.testng.org.Grouping_TestNg" time="258.550" errors="0" timestamp="2021-11-20T17:37:43 IST" skipped="0">
  <testcase classname="com.testng.org.Grouping_TestNg" name="watch" time="9.818"/>
  <system-out/>
  <testcase classname="com.testng.org.Grouping_TestNg" name="watch" time="9.919"/>
  <system-out/>
  <testcase classname="com.testng.org.Grouping_TestNg" name="watch" time="9.553"/>
  <system-out/>
  <testcase classname="com.testng.org.Grouping_TestNg" name="watch" time="9.958"/>
  <system-out/>
  <testcase classname="com.testng.org.Grouping_TestNg" name="watch" time="8.862"/>
  <system-out/>
  <testcase classname="com.testng.org.Grouping_TestNg" name="watch" time="10.017"/>
  <system-out/>
  <testcase classname="com.testng.org.Grouping_TestNg" name="watch" time="9.558"/>
  <system-out/>
  <testcase classname="com.testng.org.Grouping_TestNg" name="watch" time="11.346"/>
  <system-out/>
  <testcase classname="com.testng.org.Grouping_TestNg" name="watch" time="10.568"/>
  <system-out/>
  <testcase classname="com.testng.org.Grouping_TestNg" name="watch" time="11.023"/>
  <system-out/>
  <testcase classname="com.testng.org.Grouping_TestNg" name="watch" time="9.851"/>
  <system-out/>
  <testcase classname="com.testng.org.Grouping_TestNg" name="watch" time="10.066"/>
  <system-out/>
  <testcase classname="com.testng.org.Grouping_TestNg" name="watch" time="10.195"/>
  <system-out/>
  <testcase classname="com.testng.org.Grouping_TestNg" name="watch" time="10.373"/>
  <system-out/>
  <testcase classname="com.testng.org.Grouping_TestNg" name="watch" time="9.827"/>
  <system-out/>
  <testcase classname="com.testng.org.Grouping_TestNg" name="mobileSearch" time="7.871"/>
  <system-out/>
  <testcase classname="com.testng.org.Grouping_TestNg" name="mobileSearch" time="9.107"/>
  <system-out/>
  <testcase classname="com.testng.org.Grouping_TestNg" name="mobileSearch" time="8.194"/>
  <system-out/>
  <testcase classname="com.testng.org.Grouping_TestNg" name="mobileSearch" time="9.071"/>
  <system-out/>
  <testcase classname="com.testng.org.Grouping_TestNg" name="mobileSearch" time="8.507"/>
  <system-out/>
  <testcase classname="com.testng.org.Grouping_TestNg" name="mobileSearch" time="12.447"/>
  <system-out/>
  <testcase classname="com.testng.org.Grouping_TestNg" name="mobileSearch" time="8.303"/>
  <system-out/>
  <testcase classname="com.testng.org.Grouping_TestNg" name="mobileSearch" time="9.435"/>
  <system-out/>
  <testcase classname="com.testng.org.Grouping_TestNg" name="mobileSearch" time="7.750"/>
  <system-out/>
  <testcase classname="com.testng.org.Grouping_TestNg" name="mobileSearch" time="7.173"/>
  <system-out/>
  <testcase classname="com.testng.org.Grouping_TestNg" name="earPhone" time="10.966"/>
  <system-out/>
  <testcase classname="com.testng.org.Grouping_TestNg" name="speaker" time="8.792"/>
  <system-out/>
</testsuite> <!-- com.testng.org.Grouping_TestNg -->
