<?xml version="1.0" encoding="UTF-8"?>
<!-- Generated by org.testng.reporters.JUnitReportReporter -->
<testsuite hostname="LAPTOP-S0ACTBHP" failures="0" tests="2" name="com.testng.org.Simple_Annotation" time="0.067" errors="0" timestamp="2021-11-12T09:01:59 IST" skipped="0">
  <testcase classname="com.testng.org.Simple_Annotation" name="mobileSearch" time="0.023"/>
  <system-out/>
  <testcase classname="com.testng.org.Simple_Annotation" name="earPhone" time="0.044"/>
  <system-out/>
</testsuite> <!-- com.testng.org.Simple_Annotation -->
