<?xml version="1.0" encoding="UTF-8"?>
<!-- Generated by org.testng.reporters.JUnitReportReporter -->
<testsuite hostname="LAPTOP-S0ACTBHP" failures="0" tests="3" name="com.testng.org.TestWithIgnore" time="56.714" errors="0" timestamp="2021-11-22T11:37:32 IST" skipped="1">
  <testcase classname="com.testng.org.TestWithIgnore" name="watch" time="28.694"/>
  <system-out/>
  <testcase classname="com.testng.org.TestWithIgnore" name="earPhone" time="28.020"/>
  <system-out/>
  <testcase classname="com.testng.org.TestWithIgnore" name="mobileSearch">
    <skipped/>
  </testcase> <!-- mobileSearch -->
  <system-out/>
</testsuite> <!-- com.testng.org.TestWithIgnore -->
