<?xml version="1.0" encoding="UTF-8"?>
<!-- Generated by org.testng.reporters.JUnitReportReporter -->
<testsuite hostname="LAPTOP-S0ACTBHP" failures="0" tests="2" name="com.testng.org.Amazon_TestNG" time="24.977" errors="0" timestamp="2021-11-26T13:26:48 IST" skipped="0">
  <testcase classname="com.testng.org.Amazon_TestNG" name="mobileSearch" time="15.219"/>
  <system-out/>
  <testcase classname="com.testng.org.Amazon_TestNG" name="earPhone" time="9.758"/>
  <system-out/>
</testsuite> <!-- com.testng.org.Amazon_TestNG -->
